<?xml version="1.0" encoding="UTF-8" ?>
<testsuite tests="9" failures="0" name="com.example.LionTest" time="0.032" errors="0" skipped="0">
  <properties>
[...]
</properties>
  <testcase classname="com.example.LionTest" name="testDoesHaveMane[Sex of lion: Самец, expected mane: true]" time="0.008"/>
  <testcase classname="com.example.LionTest" name="testGetFood[Sex of lion: Самец, expected mane: true]" time="0.008"/>
  <testcase classname="com.example.LionTest" name="testGetKittens[Sex of lion: Самец, expected mane: true]" time="0.008"/>
  <testcase classname="com.example.LionTest" name="testDoesHaveMane[Sex of lion: Самка, expected mane: false]" time="0"/>
  <testcase classname="com.example.LionTest" name="testGetFood[Sex of lion: Самка, expected mane: false]" time="0.008"/>
  <testcase classname="com.example.LionTest" name="testGetKittens[Sex of lion: Самка, expected mane: false]" time="0"/>
  <testcase classname="com.example.LionTest" name="testDoesHaveMane[Sex of lion: Детёныш, expected mane: false]" time="0"/>
  <testcase classname="com.example.LionTest" name="testGetFood[Sex of lion: Детёныш, expected mane: false]" time="0"/>
  <testcase classname="com.example.LionTest" name="testGetKittens[Sex of lion: Детёныш, expected mane: false]" time="0"/>
</testsuite>